<?xml version="1.0" encoding="UTF-8"?>
<testsuite xmlns:xsi="http://www.w3.org/2001/XMLSchema-instance" xsi:noNamespaceSchemaLocation="https://maven.apache.org/surefire/maven-surefire-plugin/xsd/surefire-test-report.xsd" name="com.bestinsurance.bestInsuranceApi.BestInsuranceApiApplicationTests" time="2.475" tests="1" errors="0" skipped="0" failures="0">
  <properties>
    <property name="java.specification.version" value="17"/>
    <property name="sun.jnu.encoding" value="UTF-8"/>
    <property name="java.class.path" value="/home/epraria/liveproject/target/test-classes:/home/epraria/liveproject/target/classes:/repo/epraria/maven-repo/org/springframework/boot/spring-boot-starter-web/3.0.5/spring-boot-starter-web-3.0.5.jar:/repo/epraria/maven-repo/org/springframework/boot/spring-boot-starter/3.0.5/spring-boot-starter-3.0.5.jar:/repo/epraria/maven-repo/org/springframework/boot/spring-boot/3.0.5/spring-boot-3.0.5.jar:/repo/epraria/maven-repo/org/springframework/boot/spring-boot-autoconfigure/3.0.5/spring-boot-autoconfigure-3.0.5.jar:/repo/epraria/maven-repo/org/springframework/boot/spring-boot-starter-logging/3.0.5/spring-boot-starter-logging-3.0.5.jar:/repo/epraria/maven-repo/ch/qos/logback/logback-classic/1.4.6/logback-classic-1.4.6.jar:/repo/epraria/maven-repo/ch/qos/logback/logback-core/1.4.6/logback-core-1.4.6.jar:/repo/epraria/maven-repo/org/apache/logging/log4j/log4j-to-slf4j/2.19.0/log4j-to-slf4j-2.19.0.jar:/repo/epraria/maven-repo/org/apache/logging/log4j/log4j-api/2.19.0/log4j-api-2.19.0.jar:/repo/epraria/maven-repo/org/slf4j/jul-to-slf4j/2.0.7/jul-to-slf4j-2.0.7.jar:/repo/epraria/maven-repo/org/yaml/snakeyaml/1.33/snakeyaml-1.33.jar:/repo/epraria/maven-repo/org/springframework/boot/spring-boot-starter-json/3.0.5/spring-boot-starter-json-3.0.5.jar:/repo/epraria/maven-repo/com/fasterxml/jackson/core/jackson-databind/2.14.2/jackson-databind-2.14.2.jar:/repo/epraria/maven-repo/com/fasterxml/jackson/core/jackson-annotations/2.14.2/jackson-annotations-2.14.2.jar:/repo/epraria/maven-repo/com/fasterxml/jackson/core/jackson-core/2.14.2/jackson-core-2.14.2.jar:/repo/epraria/maven-repo/com/fasterxml/jackson/datatype/jackson-datatype-jdk8/2.14.2/jackson-datatype-jdk8-2.14.2.jar:/repo/epraria/maven-repo/com/fasterxml/jackson/datatype/jackson-datatype-jsr310/2.14.2/jackson-datatype-jsr310-2.14.2.jar:/repo/epraria/maven-repo/com/fasterxml/jackson/module/jackson-module-parameter-names/2.14.2/jackson-module-parameter-names-2.14.2.jar:/repo/epraria/maven-repo/org/springframework/spring-web/6.0.7/spring-web-6.0.7.jar:/repo/epraria/maven-repo/org/springframework/spring-beans/6.0.7/spring-beans-6.0.7.jar:/repo/epraria/maven-repo/io/micrometer/micrometer-observation/1.10.5/micrometer-observation-1.10.5.jar:/repo/epraria/maven-repo/io/micrometer/micrometer-commons/1.10.5/micrometer-commons-1.10.5.jar:/repo/epraria/maven-repo/org/springframework/spring-webmvc/6.0.7/spring-webmvc-6.0.7.jar:/repo/epraria/maven-repo/org/springframework/spring-aop/6.0.7/spring-aop-6.0.7.jar:/repo/epraria/maven-repo/org/springframework/spring-context/6.0.7/spring-context-6.0.7.jar:/repo/epraria/maven-repo/org/springframework/spring-expression/6.0.7/spring-expression-6.0.7.jar:/repo/epraria/maven-repo/org/springframework/boot/spring-boot-starter-tomcat/3.0.5/spring-boot-starter-tomcat-3.0.5.jar:/repo/epraria/maven-repo/jakarta/annotation/jakarta.annotation-api/2.1.1/jakarta.annotation-api-2.1.1.jar:/repo/epraria/maven-repo/org/apache/tomcat/embed/tomcat-embed-core/10.1.7/tomcat-embed-core-10.1.7.jar:/repo/epraria/maven-repo/org/apache/tomcat/embed/tomcat-embed-el/10.1.7/tomcat-embed-el-10.1.7.jar:/repo/epraria/maven-repo/org/apache/tomcat/embed/tomcat-embed-websocket/10.1.7/tomcat-embed-websocket-10.1.7.jar:/repo/epraria/maven-repo/org/springframework/boot/spring-boot-starter-test/3.0.5/spring-boot-starter-test-3.0.5.jar:/repo/epraria/maven-repo/org/springframework/boot/spring-boot-test/3.0.5/spring-boot-test-3.0.5.jar:/repo/epraria/maven-repo/org/springframework/boot/spring-boot-test-autoconfigure/3.0.5/spring-boot-test-autoconfigure-3.0.5.jar:/repo/epraria/maven-repo/com/jayway/jsonpath/json-path/2.7.0/json-path-2.7.0.jar:/repo/epraria/maven-repo/net/minidev/json-smart/2.4.10/json-smart-2.4.10.jar:/repo/epraria/maven-repo/net/minidev/accessors-smart/2.4.9/accessors-smart-2.4.9.jar:/repo/epraria/maven-repo/org/ow2/asm/asm/9.3/asm-9.3.jar:/repo/epraria/maven-repo/org/slf4j/slf4j-api/2.0.7/slf4j-api-2.0.7.jar:/repo/epraria/maven-repo/jakarta/xml/bind/jakarta.xml.bind-api/4.0.0/jakarta.xml.bind-api-4.0.0.jar:/repo/epraria/maven-repo/jakarta/activation/jakarta.activation-api/2.1.1/jakarta.activation-api-2.1.1.jar:/repo/epraria/maven-repo/org/assertj/assertj-core/3.23.1/assertj-core-3.23.1.jar:/repo/epraria/maven-repo/net/bytebuddy/byte-buddy/1.12.23/byte-buddy-1.12.23.jar:/repo/epraria/maven-repo/org/hamcrest/hamcrest/2.2/hamcrest-2.2.jar:/repo/epraria/maven-repo/org/junit/jupiter/junit-jupiter/5.9.2/junit-jupiter-5.9.2.jar:/repo/epraria/maven-repo/org/junit/jupiter/junit-jupiter-api/5.9.2/junit-jupiter-api-5.9.2.jar:/repo/epraria/maven-repo/org/opentest4j/opentest4j/1.2.0/opentest4j-1.2.0.jar:/repo/epraria/maven-repo/org/junit/platform/junit-platform-commons/1.9.2/junit-platform-commons-1.9.2.jar:/repo/epraria/maven-repo/org/apiguardian/apiguardian-api/1.1.2/apiguardian-api-1.1.2.jar:/repo/epraria/maven-repo/org/junit/jupiter/junit-jupiter-params/5.9.2/junit-jupiter-params-5.9.2.jar:/repo/epraria/maven-repo/org/junit/jupiter/junit-jupiter-engine/5.9.2/junit-jupiter-engine-5.9.2.jar:/repo/epraria/maven-repo/org/junit/platform/junit-platform-engine/1.9.2/junit-platform-engine-1.9.2.jar:/repo/epraria/maven-repo/org/mockito/mockito-core/4.8.1/mockito-core-4.8.1.jar:/repo/epraria/maven-repo/net/bytebuddy/byte-buddy-agent/1.12.23/byte-buddy-agent-1.12.23.jar:/repo/epraria/maven-repo/org/objenesis/objenesis/3.2/objenesis-3.2.jar:/repo/epraria/maven-repo/org/mockito/mockito-junit-jupiter/4.8.1/mockito-junit-jupiter-4.8.1.jar:/repo/epraria/maven-repo/org/skyscreamer/jsonassert/1.5.1/jsonassert-1.5.1.jar:/repo/epraria/maven-repo/com/vaadin/external/google/android-json/0.0.20131108.vaadin1/android-json-0.0.20131108.vaadin1.jar:/repo/epraria/maven-repo/org/springframework/spring-core/6.0.7/spring-core-6.0.7.jar:/repo/epraria/maven-repo/org/springframework/spring-jcl/6.0.7/spring-jcl-6.0.7.jar:/repo/epraria/maven-repo/org/springframework/spring-test/6.0.7/spring-test-6.0.7.jar:/repo/epraria/maven-repo/org/xmlunit/xmlunit-core/2.9.1/xmlunit-core-2.9.1.jar:/repo/epraria/maven-repo/org/springdoc/springdoc-openapi-starter-webmvc-ui/2.0.2/springdoc-openapi-starter-webmvc-ui-2.0.2.jar:/repo/epraria/maven-repo/org/springdoc/springdoc-openapi-starter-webmvc-api/2.0.2/springdoc-openapi-starter-webmvc-api-2.0.2.jar:/repo/epraria/maven-repo/org/springdoc/springdoc-openapi-starter-common/2.0.2/springdoc-openapi-starter-common-2.0.2.jar:/repo/epraria/maven-repo/io/swagger/core/v3/swagger-core-jakarta/2.2.7/swagger-core-jakarta-2.2.7.jar:/repo/epraria/maven-repo/org/apache/commons/commons-lang3/3.12.0/commons-lang3-3.12.0.jar:/repo/epraria/maven-repo/io/swagger/core/v3/swagger-annotations-jakarta/2.2.7/swagger-annotations-jakarta-2.2.7.jar:/repo/epraria/maven-repo/io/swagger/core/v3/swagger-models-jakarta/2.2.7/swagger-models-jakarta-2.2.7.jar:/repo/epraria/maven-repo/jakarta/validation/jakarta.validation-api/3.0.2/jakarta.validation-api-3.0.2.jar:/repo/epraria/maven-repo/com/fasterxml/jackson/dataformat/jackson-dataformat-yaml/2.14.2/jackson-dataformat-yaml-2.14.2.jar:/repo/epraria/maven-repo/org/webjars/swagger-ui/4.15.5/swagger-ui-4.15.5.jar:/repo/epraria/maven-repo/org/webjars/webjars-locator-core/0.52/webjars-locator-core-0.52.jar:/repo/epraria/maven-repo/io/github/classgraph/classgraph/4.8.149/classgraph-4.8.149.jar:"/>
    <property name="java.vm.vendor" value="Oracle Corporation"/>
    <property name="sun.arch.data.model" value="64"/>
    <property name="java.vendor.url" value="https://java.oracle.com/"/>
    <property name="os.name" value="Linux"/>
    <property name="java.vm.specification.version" value="17"/>
    <property name="sun.java.launcher" value="SUN_STANDARD"/>
    <property name="user.country" value="US"/>
    <property name="sun.boot.library.path" value="/repo/jdk-17.0.2/lib"/>
    <property name="sun.java.command" value="/home/epraria/liveproject/target/surefire/surefirebooter17163235549863306854.jar /home/epraria/liveproject/target/surefire 2023-03-25T10-53-57_673-jvmRun1 surefire16984508804052501318tmp surefire_02770006596867871599tmp"/>
    <property name="jdk.debug" value="release"/>
    <property name="surefire.test.class.path" value="/home/epraria/liveproject/target/test-classes:/home/epraria/liveproject/target/classes:/repo/epraria/maven-repo/org/springframework/boot/spring-boot-starter-web/3.0.5/spring-boot-starter-web-3.0.5.jar:/repo/epraria/maven-repo/org/springframework/boot/spring-boot-starter/3.0.5/spring-boot-starter-3.0.5.jar:/repo/epraria/maven-repo/org/springframework/boot/spring-boot/3.0.5/spring-boot-3.0.5.jar:/repo/epraria/maven-repo/org/springframework/boot/spring-boot-autoconfigure/3.0.5/spring-boot-autoconfigure-3.0.5.jar:/repo/epraria/maven-repo/org/springframework/boot/spring-boot-starter-logging/3.0.5/spring-boot-starter-logging-3.0.5.jar:/repo/epraria/maven-repo/ch/qos/logback/logback-classic/1.4.6/logback-classic-1.4.6.jar:/repo/epraria/maven-repo/ch/qos/logback/logback-core/1.4.6/logback-core-1.4.6.jar:/repo/epraria/maven-repo/org/apache/logging/log4j/log4j-to-slf4j/2.19.0/log4j-to-slf4j-2.19.0.jar:/repo/epraria/maven-repo/org/apache/logging/log4j/log4j-api/2.19.0/log4j-api-2.19.0.jar:/repo/epraria/maven-repo/org/slf4j/jul-to-slf4j/2.0.7/jul-to-slf4j-2.0.7.jar:/repo/epraria/maven-repo/org/yaml/snakeyaml/1.33/snakeyaml-1.33.jar:/repo/epraria/maven-repo/org/springframework/boot/spring-boot-starter-json/3.0.5/spring-boot-starter-json-3.0.5.jar:/repo/epraria/maven-repo/com/fasterxml/jackson/core/jackson-databind/2.14.2/jackson-databind-2.14.2.jar:/repo/epraria/maven-repo/com/fasterxml/jackson/core/jackson-annotations/2.14.2/jackson-annotations-2.14.2.jar:/repo/epraria/maven-repo/com/fasterxml/jackson/core/jackson-core/2.14.2/jackson-core-2.14.2.jar:/repo/epraria/maven-repo/com/fasterxml/jackson/datatype/jackson-datatype-jdk8/2.14.2/jackson-datatype-jdk8-2.14.2.jar:/repo/epraria/maven-repo/com/fasterxml/jackson/datatype/jackson-datatype-jsr310/2.14.2/jackson-datatype-jsr310-2.14.2.jar:/repo/epraria/maven-repo/com/fasterxml/jackson/module/jackson-module-parameter-names/2.14.2/jackson-module-parameter-names-2.14.2.jar:/repo/epraria/maven-repo/org/springframework/spring-web/6.0.7/spring-web-6.0.7.jar:/repo/epraria/maven-repo/org/springframework/spring-beans/6.0.7/spring-beans-6.0.7.jar:/repo/epraria/maven-repo/io/micrometer/micrometer-observation/1.10.5/micrometer-observation-1.10.5.jar:/repo/epraria/maven-repo/io/micrometer/micrometer-commons/1.10.5/micrometer-commons-1.10.5.jar:/repo/epraria/maven-repo/org/springframework/spring-webmvc/6.0.7/spring-webmvc-6.0.7.jar:/repo/epraria/maven-repo/org/springframework/spring-aop/6.0.7/spring-aop-6.0.7.jar:/repo/epraria/maven-repo/org/springframework/spring-context/6.0.7/spring-context-6.0.7.jar:/repo/epraria/maven-repo/org/springframework/spring-expression/6.0.7/spring-expression-6.0.7.jar:/repo/epraria/maven-repo/org/springframework/boot/spring-boot-starter-tomcat/3.0.5/spring-boot-starter-tomcat-3.0.5.jar:/repo/epraria/maven-repo/jakarta/annotation/jakarta.annotation-api/2.1.1/jakarta.annotation-api-2.1.1.jar:/repo/epraria/maven-repo/org/apache/tomcat/embed/tomcat-embed-core/10.1.7/tomcat-embed-core-10.1.7.jar:/repo/epraria/maven-repo/org/apache/tomcat/embed/tomcat-embed-el/10.1.7/tomcat-embed-el-10.1.7.jar:/repo/epraria/maven-repo/org/apache/tomcat/embed/tomcat-embed-websocket/10.1.7/tomcat-embed-websocket-10.1.7.jar:/repo/epraria/maven-repo/org/springframework/boot/spring-boot-starter-test/3.0.5/spring-boot-starter-test-3.0.5.jar:/repo/epraria/maven-repo/org/springframework/boot/spring-boot-test/3.0.5/spring-boot-test-3.0.5.jar:/repo/epraria/maven-repo/org/springframework/boot/spring-boot-test-autoconfigure/3.0.5/spring-boot-test-autoconfigure-3.0.5.jar:/repo/epraria/maven-repo/com/jayway/jsonpath/json-path/2.7.0/json-path-2.7.0.jar:/repo/epraria/maven-repo/net/minidev/json-smart/2.4.10/json-smart-2.4.10.jar:/repo/epraria/maven-repo/net/minidev/accessors-smart/2.4.9/accessors-smart-2.4.9.jar:/repo/epraria/maven-repo/org/ow2/asm/asm/9.3/asm-9.3.jar:/repo/epraria/maven-repo/org/slf4j/slf4j-api/2.0.7/slf4j-api-2.0.7.jar:/repo/epraria/maven-repo/jakarta/xml/bind/jakarta.xml.bind-api/4.0.0/jakarta.xml.bind-api-4.0.0.jar:/repo/epraria/maven-repo/jakarta/activation/jakarta.activation-api/2.1.1/jakarta.activation-api-2.1.1.jar:/repo/epraria/maven-repo/org/assertj/assertj-core/3.23.1/assertj-core-3.23.1.jar:/repo/epraria/maven-repo/net/bytebuddy/byte-buddy/1.12.23/byte-buddy-1.12.23.jar:/repo/epraria/maven-repo/org/hamcrest/hamcrest/2.2/hamcrest-2.2.jar:/repo/epraria/maven-repo/org/junit/jupiter/junit-jupiter/5.9.2/junit-jupiter-5.9.2.jar:/repo/epraria/maven-repo/org/junit/jupiter/junit-jupiter-api/5.9.2/junit-jupiter-api-5.9.2.jar:/repo/epraria/maven-repo/org/opentest4j/opentest4j/1.2.0/opentest4j-1.2.0.jar:/repo/epraria/maven-repo/org/junit/platform/junit-platform-commons/1.9.2/junit-platform-commons-1.9.2.jar:/repo/epraria/maven-repo/org/apiguardian/apiguardian-api/1.1.2/apiguardian-api-1.1.2.jar:/repo/epraria/maven-repo/org/junit/jupiter/junit-jupiter-params/5.9.2/junit-jupiter-params-5.9.2.jar:/repo/epraria/maven-repo/org/junit/jupiter/junit-jupiter-engine/5.9.2/junit-jupiter-engine-5.9.2.jar:/repo/epraria/maven-repo/org/junit/platform/junit-platform-engine/1.9.2/junit-platform-engine-1.9.2.jar:/repo/epraria/maven-repo/org/mockito/mockito-core/4.8.1/mockito-core-4.8.1.jar:/repo/epraria/maven-repo/net/bytebuddy/byte-buddy-agent/1.12.23/byte-buddy-agent-1.12.23.jar:/repo/epraria/maven-repo/org/objenesis/objenesis/3.2/objenesis-3.2.jar:/repo/epraria/maven-repo/org/mockito/mockito-junit-jupiter/4.8.1/mockito-junit-jupiter-4.8.1.jar:/repo/epraria/maven-repo/org/skyscreamer/jsonassert/1.5.1/jsonassert-1.5.1.jar:/repo/epraria/maven-repo/com/vaadin/external/google/android-json/0.0.20131108.vaadin1/android-json-0.0.20131108.vaadin1.jar:/repo/epraria/maven-repo/org/springframework/spring-core/6.0.7/spring-core-6.0.7.jar:/repo/epraria/maven-repo/org/springframework/spring-jcl/6.0.7/spring-jcl-6.0.7.jar:/repo/epraria/maven-repo/org/springframework/spring-test/6.0.7/spring-test-6.0.7.jar:/repo/epraria/maven-repo/org/xmlunit/xmlunit-core/2.9.1/xmlunit-core-2.9.1.jar:/repo/epraria/maven-repo/org/springdoc/springdoc-openapi-starter-webmvc-ui/2.0.2/springdoc-openapi-starter-webmvc-ui-2.0.2.jar:/repo/epraria/maven-repo/org/springdoc/springdoc-openapi-starter-webmvc-api/2.0.2/springdoc-openapi-starter-webmvc-api-2.0.2.jar:/repo/epraria/maven-repo/org/springdoc/springdoc-openapi-starter-common/2.0.2/springdoc-openapi-starter-common-2.0.2.jar:/repo/epraria/maven-repo/io/swagger/core/v3/swagger-core-jakarta/2.2.7/swagger-core-jakarta-2.2.7.jar:/repo/epraria/maven-repo/org/apache/commons/commons-lang3/3.12.0/commons-lang3-3.12.0.jar:/repo/epraria/maven-repo/io/swagger/core/v3/swagger-annotations-jakarta/2.2.7/swagger-annotations-jakarta-2.2.7.jar:/repo/epraria/maven-repo/io/swagger/core/v3/swagger-models-jakarta/2.2.7/swagger-models-jakarta-2.2.7.jar:/repo/epraria/maven-repo/jakarta/validation/jakarta.validation-api/3.0.2/jakarta.validation-api-3.0.2.jar:/repo/epraria/maven-repo/com/fasterxml/jackson/dataformat/jackson-dataformat-yaml/2.14.2/jackson-dataformat-yaml-2.14.2.jar:/repo/epraria/maven-repo/org/webjars/swagger-ui/4.15.5/swagger-ui-4.15.5.jar:/repo/epraria/maven-repo/org/webjars/webjars-locator-core/0.52/webjars-locator-core-0.52.jar:/repo/epraria/maven-repo/io/github/classgraph/classgraph/4.8.149/classgraph-4.8.149.jar:"/>
    <property name="sun.cpu.endian" value="little"/>
    <property name="user.home" value="/home/epraria"/>
    <property name="user.language" value="en"/>
    <property name="java.specification.vendor" value="Oracle Corporation"/>
    <property name="java.version.date" value="2022-01-18"/>
    <property name="java.home" value="/repo/jdk-17.0.2"/>
    <property name="file.separator" value="/"/>
    <property name="basedir" value="/home/epraria/liveproject"/>
    <property name="java.vm.compressedOopsMode" value="Zero based"/>
    <property name="line.separator" value="&#10;"/>
    <property name="java.vm.specification.vendor" value="Oracle Corporation"/>
    <property name="java.specification.name" value="Java Platform API Specification"/>
    <property name="surefire.real.class.path" value="/home/epraria/liveproject/target/surefire/surefirebooter17163235549863306854.jar"/>
    <property name="sun.management.compiler" value="HotSpot 64-Bit Tiered Compilers"/>
    <property name="java.runtime.version" value="17.0.2+8-86"/>
    <property name="user.name" value="epraria"/>
    <property name="path.separator" value=":"/>
    <property name="os.version" value="4.15.0-200-generic"/>
    <property name="java.runtime.name" value="OpenJDK Runtime Environment"/>
    <property name="file.encoding" value="UTF-8"/>
    <property name="java.vm.name" value="OpenJDK 64-Bit Server VM"/>
    <property name="localRepository" value="/repo/epraria/maven-repo"/>
    <property name="java.vendor.url.bug" value="https://bugreport.java.com/bugreport/"/>
    <property name="java.io.tmpdir" value="/tmp"/>
    <property name="java.version" value="17.0.2"/>
    <property name="user.dir" value="/home/epraria/liveproject"/>
    <property name="os.arch" value="amd64"/>
    <property name="java.vm.specification.name" value="Java Virtual Machine Specification"/>
    <property name="native.encoding" value="UTF-8"/>
    <property name="java.library.path" value="/usr/java/packages/lib:/usr/lib64:/lib64:/lib:/usr/lib"/>
    <property name="java.vm.info" value="mixed mode, sharing"/>
    <property name="java.vendor" value="Oracle Corporation"/>
    <property name="java.vm.version" value="17.0.2+8-86"/>
    <property name="sun.io.unicode.encoding" value="UnicodeLittle"/>
    <property name="java.class.version" value="61.0"/>
  </properties>
  <testcase name="contextLoads" classname="com.bestinsurance.bestInsuranceApi.BestInsuranceApiApplicationTests" time="0.293"/>
</testsuite>